<?xml version="1.0" encoding="UTF-8"?>
<!-- Generated by org.testng.reporters.JUnitXMLReporter -->
<testsuite ignored="0" hostname="LAPTOP-RTLU3Q5P" failures="0" tests="20" name="Default test" time="37.079" errors="0" timestamp="2025-12-28T16:50:32 IST">
  <testcase classname="api.test.DataDrivenTest" name="testPostuser" time="3.65"/>
  <testcase classname="api.test.DataDrivenTest" name="testPostuser" time="1.585"/>
  <testcase classname="api.test.DataDrivenTest" name="testPostuser" time="1.637"/>
  <testcase classname="api.test.DataDrivenTest" name="testPostuser" time="1.635"/>
  <testcase classname="api.test.DataDrivenTest" name="testPostuser" time="1.534"/>
  <testcase classname="api.test.DataDrivenTest" name="testPostuser" time="1.533"/>
  <testcase classname="api.test.DataDrivenTest" name="testPostuser" time="1.534"/>
  <testcase classname="api.test.DataDrivenTest" name="testPostuser" time="2.349"/>
  <testcase classname="api.test.DataDrivenTest" name="testPostuser" time="1.635"/>
  <testcase classname="api.test.DataDrivenTest" name="testPostuser" time="1.636"/>
  <testcase classname="api.test.DataDrivenTest" name="testDeleteUserByName" time="1.982"/>
  <testcase classname="api.test.DataDrivenTest" name="testDeleteUserByName" time="1.534"/>
  <testcase classname="api.test.DataDrivenTest" name="testDeleteUserByName" time="1.533"/>
  <testcase classname="api.test.DataDrivenTest" name="testDeleteUserByName" time="1.533"/>
  <testcase classname="api.test.DataDrivenTest" name="testDeleteUserByName" time="1.533"/>
  <testcase classname="api.test.DataDrivenTest" name="testDeleteUserByName" time="1.536"/>
  <testcase classname="api.test.DataDrivenTest" name="testDeleteUserByName" time="1.533"/>
  <testcase classname="api.test.DataDrivenTest" name="testDeleteUserByName" time="1.431"/>
  <testcase classname="api.test.DataDrivenTest" name="testDeleteUserByName" time="1.534"/>
  <testcase classname="api.test.DataDrivenTest" name="testDeleteUserByName" time="1.637"/>
</testsuite> <!-- Default test -->
