<?xml version="1.0" encoding="UTF-8"?>
<testng-results ignored="0" total="4" passed="4" failed="0" skipped="0">
  <reporter-output>
  </reporter-output>
  <suite started-at="2026-01-01T14:48:09 IST" name="PetSuite" finished-at="2026-01-01T14:48:20 IST" duration-ms="10444">
    <groups>
    </groups>
    <test started-at="2026-01-01T14:48:09 IST" name="PetTest" finished-at="2026-01-01T14:48:20 IST" duration-ms="10444">
      <class name="api.test.UserTests2">
        <test-method is-config="true" signature="setup()[pri:0, instance:api.test.UserTests2@4c371370]" started-at="2026-01-01T14:48:10 IST" name="setup" finished-at="2026-01-01T14:48:11 IST" duration-ms="1072" status="PASS">
          <reporter-output>
          </reporter-output>
        </test-method> <!-- setup -->
        <test-method signature="testPostUser()[pri:1, instance:api.test.UserTests2@4c371370]" started-at="2026-01-01T14:48:11 IST" name="testPostUser" finished-at="2026-01-01T14:48:14 IST" duration-ms="3640" status="PASS">
          <reporter-output>
          </reporter-output>
        </test-method> <!-- testPostUser -->
        <test-method signature="testGetUserByName()[pri:2, instance:api.test.UserTests2@4c371370]" started-at="2026-01-01T14:48:14 IST" name="testGetUserByName" finished-at="2026-01-01T14:48:16 IST" duration-ms="1321" status="PASS">
          <reporter-output>
          </reporter-output>
        </test-method> <!-- testGetUserByName -->
        <test-method signature="testUpdateUserByName()[pri:3, instance:api.test.UserTests2@4c371370]" started-at="2026-01-01T14:48:16 IST" name="testUpdateUserByName" finished-at="2026-01-01T14:48:18 IST" duration-ms="2695" status="PASS">
          <reporter-output>
          </reporter-output>
        </test-method> <!-- testUpdateUserByName -->
        <test-method signature="testDeleteByUserName()[pri:4, instance:api.test.UserTests2@4c371370]" started-at="2026-01-01T14:48:18 IST" name="testDeleteByUserName" finished-at="2026-01-01T14:48:20 IST" duration-ms="1334" status="PASS">
          <reporter-output>
          </reporter-output>
        </test-method> <!-- testDeleteByUserName -->
      </class> <!-- api.test.UserTests2 -->
    </test> <!-- PetTest -->
  </suite> <!-- PetSuite -->
</testng-results>
