<?xml version="1.0" encoding="UTF-8"?>
<testsuite xmlns:xsi="http://www.w3.org/2001/XMLSchema-instance" xsi:noNamespaceSchemaLocation="https://maven.apache.org/surefire/maven-surefire-plugin/xsd/surefire-test-report.xsd" version="3.0.2" name="TestSuite" time="11.796" tests="4" errors="0" skipped="0" failures="0">
  <properties>
[...]
</properties>
  <testcase name="testPostUser" classname="api.test.UserTests2" time="3.645">
    <system-out><![CDATA[2026-01-01 14:48:11 [main] DEBUG UserTests2:35 - Debugger...
2026-01-01 14:48:11 [main] INFO  UserTests2:44 - ***********Creating User************
HTTP/1.1 200 OK
Date: Thu, 01 Jan 2026 09:18:14 GMT
Content-Type: application/json
Transfer-Encoding: chunked
Connection: keep-alive
Access-Control-Allow-Origin: *
Access-Control-Allow-Methods: GET, POST, DELETE, PUT
Access-Control-Allow-Headers: Content-Type, api_key, Authorization
Server: Jetty(9.2.9.v20150224)

{
    "code": 200,
    "type": "unknown",
    "message": "324404955"
}
2026-01-01 14:48:14 [main] INFO  UserTests2:50 - ***********User is Created************
]]></system-out>
    <system-err><![CDATA[SLF4J(W): No SLF4J providers were found.
SLF4J(W): Defaulting to no-operation (NOP) logger implementation
SLF4J(W): See https://www.slf4j.org/codes.html#noProviders for further details.
]]></system-err>
  </testcase>
  <testcase name="testGetUserByName" classname="api.test.UserTests2" time="1.314">
    <system-out><![CDATA[2026-01-01 14:48:14 [main] INFO  UserTests2:57 - ***********Reading User Info************
HTTP/1.1 200 OK
Date: Thu, 01 Jan 2026 09:18:16 GMT
Content-Type: application/json
Transfer-Encoding: chunked
Connection: keep-alive
Access-Control-Allow-Origin: *
Access-Control-Allow-Methods: GET, POST, DELETE, PUT
Access-Control-Allow-Headers: Content-Type, api_key, Authorization
Server: Jetty(9.2.9.v20150224)

{
    "id": 324404955,
    "username": "kary.lang",
    "firstName": "Addie",
    "lastName": "Nolan",
    "email": "winston.lebsack@example.com",
    "password": "bugrs",
    "phone": "314.716.7800",
    "userStatus": 0
}
2026-01-01 14:48:16 [main] INFO  UserTests2:61 - ***********user Info is Displayed************
]]></system-out>
  </testcase>
  <testcase name="testUpdateUserByName" classname="api.test.UserTests2" time="2.696">
    <system-out><![CDATA[2026-01-01 14:48:16 [main] INFO  UserTests2:67 - ***********Updating User************
HTTP/1.1 200 OK
Date: Thu, 01 Jan 2026 09:18:17 GMT
Content-Type: application/json
Transfer-Encoding: chunked
Connection: keep-alive
Access-Control-Allow-Origin: *
Access-Control-Allow-Methods: GET, POST, DELETE, PUT
Access-Control-Allow-Headers: Content-Type, api_key, Authorization
Server: Jetty(9.2.9.v20150224)

{
    "code": 200,
    "type": "unknown",
    "message": "324404955"
}
2026-01-01 14:48:17 [main] INFO  UserTests2:78 - **********User is updated************
]]></system-out>
  </testcase>
  <testcase name="testDeleteByUserName" classname="api.test.UserTests2" time="1.336">
    <system-out><![CDATA[2026-01-01 14:48:18 [main] INFO  UserTests2:89 - ***********Deleting User************
2026-01-01 14:48:20 [main] INFO  UserTests2:92 - ***********User is deleted successfully************
]]></system-out>
  </testcase>
</testsuite>