<?xml version="1.0" encoding="UTF-8"?>
<testng-results ignored="0" total="4" passed="4" failed="0" skipped="0">
  <reporter-output>
  </reporter-output>
  <suite started-at="2025-12-31T19:08:50 IST" name="PetSuite" finished-at="2025-12-31T19:09:05 IST" duration-ms="14361">
    <groups>
    </groups>
    <test started-at="2025-12-31T19:08:50 IST" name="PetTest" finished-at="2025-12-31T19:09:05 IST" duration-ms="14361">
      <class name="api.test.UserTests2">
        <test-method is-config="true" signature="setup()[pri:0, instance:api.test.UserTests2@5e5d171f]" started-at="2025-12-31T19:08:51 IST" name="setup" finished-at="2025-12-31T19:08:52 IST" duration-ms="1062" status="PASS">
          <reporter-output>
          </reporter-output>
        </test-method> <!-- setup -->
        <test-method signature="testPostUser()[pri:1, instance:api.test.UserTests2@5e5d171f]" started-at="2025-12-31T19:08:52 IST" name="testPostUser" finished-at="2025-12-31T19:08:58 IST" duration-ms="6567" status="PASS">
          <reporter-output>
          </reporter-output>
        </test-method> <!-- testPostUser -->
        <test-method signature="testGetUserByName()[pri:2, instance:api.test.UserTests2@5e5d171f]" started-at="2025-12-31T19:08:58 IST" name="testGetUserByName" finished-at="2025-12-31T19:09:00 IST" duration-ms="1622" status="PASS">
          <reporter-output>
          </reporter-output>
        </test-method> <!-- testGetUserByName -->
        <test-method signature="testUpdateUserByName()[pri:3, instance:api.test.UserTests2@5e5d171f]" started-at="2025-12-31T19:09:00 IST" name="testUpdateUserByName" finished-at="2025-12-31T19:09:03 IST" duration-ms="3162" status="PASS">
          <reporter-output>
          </reporter-output>
        </test-method> <!-- testUpdateUserByName -->
        <test-method signature="testDeleteByUserName()[pri:4, instance:api.test.UserTests2@5e5d171f]" started-at="2025-12-31T19:09:03 IST" name="testDeleteByUserName" finished-at="2025-12-31T19:09:05 IST" duration-ms="1530" status="PASS">
          <reporter-output>
          </reporter-output>
        </test-method> <!-- testDeleteByUserName -->
      </class> <!-- api.test.UserTests2 -->
    </test> <!-- PetTest -->
  </suite> <!-- PetSuite -->
</testng-results>
