<?xml version="1.0" encoding="UTF-8"?>
<!-- Generated by org.testng.reporters.JUnitXMLReporter -->
<testsuite ignored="0" hostname="LAPTOP-RTLU3Q5P" failures="0" tests="4" name="PetTest" time="10.444" errors="0" timestamp="2026-01-01T14:48:20 IST">
  <testcase classname="api.test.UserTests2" name="testPostUser" time="3.64"/>
  <testcase classname="api.test.UserTests2" name="testGetUserByName" time="1.321"/>
  <testcase classname="api.test.UserTests2" name="testUpdateUserByName" time="2.695"/>
  <testcase classname="api.test.UserTests2" name="testDeleteByUserName" time="1.334"/>
</testsuite> <!-- PetTest -->
