<?xml version="1.0" encoding="UTF-8"?>
<!-- Generated by org.testng.reporters.JUnitReportReporter -->
<testsuite hostname="LAPTOP-RTLU3Q5P" failures="0" tests="4" name="api.test.UserTests" time="8.960" errors="0" timestamp="2025-12-30T19:42:24 IST" skipped="0">
  <testcase classname="api.test.UserTests" name="testPostUser" time="3.347"/>
  <testcase classname="api.test.UserTests" name="testGetUserByName" time="1.463"/>
  <testcase classname="api.test.UserTests" name="testUpdateUserByName" time="2.773"/>
  <testcase classname="api.test.UserTests" name="testDeleteByUserName" time="1.377"/>
</testsuite> <!-- api.test.UserTests -->
