<?xml version="1.0" encoding="UTF-8"?>
<!-- Generated by org.testng.reporters.JUnitXMLReporter -->
<testsuite ignored="0" hostname="LAPTOP-RTLU3Q5P" failures="0" tests="4" name="PetTest" time="14.361" errors="0" timestamp="2025-12-31T19:09:05 IST">
  <testcase classname="api.test.UserTests2" name="testPostUser" time="6.567"/>
  <testcase classname="api.test.UserTests2" name="testGetUserByName" time="1.622"/>
  <testcase classname="api.test.UserTests2" name="testUpdateUserByName" time="3.162"/>
  <testcase classname="api.test.UserTests2" name="testDeleteByUserName" time="1.53"/>
</testsuite> <!-- PetTest -->
